Warning: ignoring unsupported tag `ALLOW_UNICODE_NAMES    =' at line 79, file /home/travis/build/yogeshg/clayer/Doxyfile
Warning: ignoring unsupported tag `TOC_INCLUDE_HEADINGS   =' at line 313, file /home/travis/build/yogeshg/clayer/Doxyfile
Warning: ignoring unsupported tag `GROUP_NESTED_COMPOUNDS =' at line 370, file /home/travis/build/yogeshg/clayer/Doxyfile
Warning: ignoring unsupported tag `HIDE_COMPOUND_REFERENCE=' at line 541, file /home/travis/build/yogeshg/clayer/Doxyfile
Warning: ignoring unsupported tag `WARN_AS_ERROR          =' at line 765, file /home/travis/build/yogeshg/clayer/Doxyfile
Warning: Tag `CLANG_ASSISTED_PARSING' at line 1083 of file /home/travis/build/yogeshg/clayer/Doxyfile belongs to an option that was not enabled at compile time.
To avoid this warning please remove this line from your configuration file, upgrade it using "doxygen -u", or recompile doxygen with this feature enabled.
Warning: Tag `CLANG_OPTIONS' at line 1091 of file /home/travis/build/yogeshg/clayer/Doxyfile belongs to an option that was not enabled at compile time.
To avoid this warning please remove this line from your configuration file, upgrade it using "doxygen -u", or recompile doxygen with this feature enabled.
Warning: ignoring unsupported tag `LATEX_EXTRA_STYLESHEET =' at line 1763, file /home/travis/build/yogeshg/clayer/Doxyfile
Warning: ignoring unsupported tag `LATEX_TIMESTAMP        =' at line 1830, file /home/travis/build/yogeshg/clayer/Doxyfile
Warning: ignoring unsupported tag `RTF_SOURCE_CODE        =' at line 1896, file /home/travis/build/yogeshg/clayer/Doxyfile
Warning: ignoring unsupported tag `MAN_SUBDIR             =' at line 1931, file /home/travis/build/yogeshg/clayer/Doxyfile
Warning: ignoring unsupported tag `DOCBOOK_PROGRAMLISTING =' at line 1994, file /home/travis/build/yogeshg/clayer/Doxyfile
Warning: ignoring unsupported tag `PLANTUML_JAR_PATH      =' at line 2423, file /home/travis/build/yogeshg/clayer/Doxyfile
Warning: ignoring unsupported tag `PLANTUML_CFG_FILE      =' at line 2428, file /home/travis/build/yogeshg/clayer/Doxyfile
Warning: ignoring unsupported tag `PLANTUML_INCLUDE_PATH  =' at line 2433, file /home/travis/build/yogeshg/clayer/Doxyfile
Searching for include files...
Searching for example files...
Searching for images...
Searching for dot files...
Searching for msc files...
Searching for dia files...
Searching for files to exclude
Searching for files to process...
Searching for files in directory /home/travis/build/yogeshg/clayer/include
Searching for files in directory /home/travis/build/yogeshg/clayer/src
Reading and parsing tag files
Parsing files
Preprocessing /home/travis/build/yogeshg/clayer/include/analyser.h...
Parsing file /home/travis/build/yogeshg/clayer/include/analyser.h...
Preprocessing /home/travis/build/yogeshg/clayer/include/logconfig.h...
Parsing file /home/travis/build/yogeshg/clayer/include/logconfig.h...
Preprocessing /home/travis/build/yogeshg/clayer/include/logger.h...
Parsing file /home/travis/build/yogeshg/clayer/include/logger.h...
Preprocessing /home/travis/build/yogeshg/clayer/include/property.h...
Parsing file /home/travis/build/yogeshg/clayer/include/property.h...
Preprocessing /home/travis/build/yogeshg/clayer/include/tests.h...
Parsing file /home/travis/build/yogeshg/clayer/include/tests.h...
Preprocessing /home/travis/build/yogeshg/clayer/include/util.h...
Parsing file /home/travis/build/yogeshg/clayer/include/util.h...
Preprocessing /home/travis/build/yogeshg/clayer/src/analyser_test.cpp...
Parsing file /home/travis/build/yogeshg/clayer/src/analyser_test.cpp...
Preprocessing /home/travis/build/yogeshg/clayer/src/atm.cpp...
Parsing file /home/travis/build/yogeshg/clayer/src/atm.cpp...
Preprocessing /home/travis/build/yogeshg/clayer/src/performance_test.cpp...
Parsing file /home/travis/build/yogeshg/clayer/src/performance_test.cpp...
Preprocessing /home/travis/build/yogeshg/clayer/src/tests.cpp...
Parsing file /home/travis/build/yogeshg/clayer/src/tests.cpp...
Building group list...
Building directory list...
Building namespace list...
Building file list...
Building class list...
Associating documentation with classes...
Computing nesting relations for classes...
Building example list...
Searching for enumerations...
Searching for documented typedefs...
Searching for members imported via using declarations...
Searching for included using directives...
Searching for documented variables...
Building interface member list...
Building member list...
Searching for friends...
Searching for documented defines...
Computing class inheritance relations...
Computing class usage relations...
Flushing cached template relations that have become invalid...
Creating members for template instances...
Computing class relations...
Add enum values to enums...
Searching for member function documentation...
Building page list...
Search for main page...
Computing page relations...
Determining the scope of groups...
Sorting lists...
Freeing entry tree
Determining which enums are documented
Computing member relations...
Building full member lists recursively...
Adding members to member groups.
Computing member references...
Inheriting documentation...
Generating disk names...
Adding source references...
Adding xrefitems...
Sorting member lists...
Computing dependencies between directories...
Generating citations page...
Counting data structures...
Resolving user defined references...
Finding anchors and sections in the documentation...
Transferring function references...
Combining using relations...
Adding members to index pages...
Generating style sheet...
Generating search indices...
Generating example documentation...
Generating file sources...
Generating code for file /home/travis/build/yogeshg/clayer/include/analyser.h...
Generating code for file /home/travis/build/yogeshg/clayer/include/logconfig.h...
Generating code for file /home/travis/build/yogeshg/clayer/include/logger.h...
Generating code for file /home/travis/build/yogeshg/clayer/include/property.h...
Generating code for file /home/travis/build/yogeshg/clayer/include/tests.h...
Generating code for file /home/travis/build/yogeshg/clayer/include/util.h...
Generating file documentation...
Generating docs for file /home/travis/build/yogeshg/clayer/include/analyser.h...
Generating docs fo/home/travis/build/yogeshg/clayer/include/property.h:152: warning: argument 'c' of command @param is not found in the argument list of clayer::operator<<(std::ostream &ss, const RunContext &r)
/home/travis/build/yogeshg/clayer/include/property.h:152: warning: The following parameters of clayer::operator<<(std::ostream &ss, const RunContext &r) are not documented:
  parameter 'r'
/home/travis/build/yogeshg/clayer/include/property.h:271: warning: argument 's' of command @param is not found in the argument list of clayer::parse_props(LogRecord &p, std::string &line, std::regex format_regex=std::regex("(.*)\\((.*):(.*)\\):(.*)"))
/home/travis/build/yogeshg/clayer/include/property.h:271: warning: The following parameters of clayer::parse_props(LogRecord &p, std::string &line, std::regex format_regex=std::regex("(.*)\\((.*):(.*)\\):(.*)")) are not documented:
  parameter 'line'
/home/travis/build/yogeshg/clayer/include/property.h:333: warning: argument 'ss' of command @param is not found in the argument list of clayer::LogRecord::operator<<(std::ostream &s, const LogRecord &c)
/home/travis/build/yogeshg/clayer/include/property.h:333: warning: argument 'os' of command @param is not found in the argument list of clayer::LogRecord::operator<<(std::ostream &s, const LogRecord &c)
/home/travis/build/yogeshg/clayer/include/property.h:333: warning: argument 'lr' of command @param is not found in the argument list of clayer::LogRecord::operator<<(std::ostream &s, const LogRecord &c)
/home/travis/build/yogeshg/clayer/include/property.h:333: warning: The following parameters of clayer::LogRecord::operator<<(std::ostream &s, const LogRecord &c) are not documented:
  parameter 's'
/home/travis/build/yogeshg/clayer/include/analyser.h:20: warning: argument 'maxtoken' of command @param is not found in the argument list of clayer::analyser::get_numbers(const std::string &line, const int maxtokens=100)
/home/travis/build/yogeshg/clayer/include/analyser.h:20: warning: The following parameters of clayer::analyser::get_numbers(const std::string &line, const int maxtokens=100) are not documented:
  parameter 'maxtokens'
/home/travis/build/yogeshg/clayer/include/logconfig.h:99: warning: Found unknown command `\usage'
/home/travis/build/yogeshg/clayer/include/logconfig.h:88: warning: Found unknown command `\usage'
/home/travis/build/yogeshg/clayer/include/logger.h:172: warning: Found unknown command `\detailed'
/home/travis/build/yogeshg/clayer/include/logger.h:307: warning: Found unknown command `\usage'
/home/travis/build/yogeshg/clayer/include/logger.h:372: warning: argument 'A' of command @param is not found in the argument list of logger::Logger< Stream, threshold, fmt, props >::set_filter(Filter f)
/home/travis/build/yogeshg/clayer/include/logger.h:372: warning: The following parameters of logger::Logger::set_filter(Filter f) are not documented:
  parameter 'f'
/home/travis/build/yogeshg/clayer/include/logger.h:161: warning: Found unknown command `\usage'
r file /home/travis/build/yogeshg/clayer/include/logconfig.h...
Generating docs for file /home/travis/build/yogeshg/clayer/include/logger.h...
Generating docs for file /home/travis/build/yogeshg/clayer/include/property.h...
Generating docs for file /home/travis/build/yogeshg/clayer/include/tests.h...
Generating docs for file /home/travis/build/yogeshg/clayer/include/util.h...
Generating docs for file /home/travis/build/yogeshg/clayer/src/analyser_test.cpp...
Generating docs for file /home/travis/build/yogeshg/clayer/src/atm.cpp...
Generating docs for file /home/travis/build/yogeshg/clayer/src/performance_test.cpp...
Generating docs for file /home/travis/build/yogeshg/clayer/src/tests.cpp...
Generating page documentation...
Generating group documentation...
Generating class documentation...
Generating namespace index...
Generating docs for namespace clayer
Generating docs for compound clayer::CodeContext...
Generating docs for compound clayer::RunContext...
Generating docs for compound clayer::LogRecord...
Generating docs for namespace clayer::analyser
Generating docs for compound clayer::analyser::Parser...
Generating docs for compound clayer::analyser::DomainStat...
Generating docs for namespace clayer::util
Generating docs for compound clayer::util::Stat...
Generating docs for compound clayer::util::VectorStat...
Generating docs for namespace logger
Generating docs for compound logger::ContextInfo...
Generating docs for compound logger::Line...
Generating docs for compound logger::Record...
Generating docs for compound logger::NoRecord...
Generating docs for compound logger::Logger...
Generating docs for namespace logger::hash
Generating docs for compound logger::hash::Flag...
Generating docs for namespace test
Generating docs for compound test::Test...
Generating graph info page...
Generating directory documentation...
Generating dependency graph for directory /home/travis/build/yogeshg/clayer/include
Generating dependency graph for directory /home/travis/build/yogeshg/clayer/src
Generating index page...
Generating page index...
Generating module index...
Generating namespace index...
Generating namespace member index...
Generating annotated compound index...
Generating alphabetical compound index...
Generating hierarchical class index...
Generating graphical class hierarchy...
Generating member index...
Generating file index...
Generating file member index...
Generating example index...
finalizing index lists...
Running dot...
Generating dot graphs using 3 parallel threads...
Running dot for graph 1/21
Running dot for graph 2/21
Running dot for graph 3/21
Running dot for graph 4/21
Running dot for graph 5/21
Running dot for graph 6/21
Running dot for graph 7/21
Running dot for graph 8/21
Running dot for graph 9/21
Running dot for graph 10/21
Running dot for graph 11/21
Running dot for graph 12/21
Running dot for graph 13/21
Running dot for graph 14/21
Running dot for graph 15/21
Running dot for graph 16/21
Running dot for graph 17/21
Running dot for graph 18/21
Running dot for graph 19/21
Running dot for graph 20/21
Running dot for graph 21/21
Patching output file 1/14
Patching output file 2/14
Patching output file 3/14
Patching output file 4/14
Patching output file 5/14
Patching output file 6/14
Patching output file 7/14
Patching output file 8/14
Patching output file 9/14
Patching output file 10/14
Patching output file 11/14
Patching output file 12/14
Patching output file 13/14
Patching output file 14/14
lookup cache used 376/65536 hits=1586 misses=397
finished...
